[0907/003924.661:ERROR:process_reader_win.cc(151)] SuspendThread: Accès refusé. (0x5)
[0907/003924.675:ERROR:process_reader_win.cc(151)] SuspendThread: Accès refusé. (0x5)
[0907/003924.675:ERROR:process_reader_win.cc(151)] SuspendThread: Accès refusé. (0x5)
[0907/003924.675:ERROR:process_reader_win.cc(151)] SuspendThread: Accès refusé. (0x5)
[0907/003924.675:ERROR:process_reader_win.cc(151)] SuspendThread: Accès refusé. (0x5)
[0907/003924.675:ERROR:process_reader_win.cc(151)] SuspendThread: Accès refusé. (0x5)
[0907/003924.675:ERROR:process_reader_win.cc(151)] SuspendThread: Accès refusé. (0x5)
[0907/003924.675:ERROR:process_reader_win.cc(151)] SuspendThread: Accès refusé. (0x5)
[0907/003924.675:ERROR:process_reader_win.cc(151)] SuspendThread: Accès refusé. (0x5)
[0907/003924.675:ERROR:process_reader_win.cc(151)] SuspendThread: Accès refusé. (0x5)
[0907/003924.675:ERROR:process_reader_win.cc(123)] NtOpenThread: {Accès refusé} Un processus a demandé l’accès a un objet, mais il ne bénéficie pas des autorisations nécessaires. (0xc0000022)
[0907/003924.676:ERROR:exception_snapshot_win.cc(98)] thread ID 20004 not found in process
[0907/003924.685:ERROR:process_reader_win.cc(151)] SuspendThread: Accès refusé. (0x5)
[0907/003924.685:ERROR:process_reader_win.cc(151)] SuspendThread: Accès refusé. (0x5)
[0907/003924.685:ERROR:process_reader_win.cc(151)] SuspendThread: Accès refusé. (0x5)
[0907/003924.685:ERROR:process_reader_win.cc(151)] SuspendThread: Accès refusé. (0x5)
[0907/003924.686:ERROR:process_reader_win.cc(151)] SuspendThread: Accès refusé. (0x5)
[0907/003924.686:ERROR:process_reader_win.cc(151)] SuspendThread: Accès refusé. (0x5)
[0907/003924.686:ERROR:process_reader_win.cc(151)] SuspendThread: Accès refusé. (0x5)
[0907/003924.686:ERROR:process_reader_win.cc(151)] SuspendThread: Accès refusé. (0x5)
[0907/003924.686:ERROR:process_reader_win.cc(151)] SuspendThread: Accès refusé. (0x5)
[0907/003924.686:ERROR:process_reader_win.cc(151)] SuspendThread: Accès refusé. (0x5)
[0907/003924.686:ERROR:process_reader_win.cc(151)] SuspendThread: Accès refusé. (0x5)
[0907/003924.686:ERROR:process_reader_win.cc(151)] SuspendThread: Accès refusé. (0x5)
[0907/003924.686:ERROR:process_reader_win.cc(151)] SuspendThread: Accès refusé. (0x5)
[0907/003924.686:ERROR:process_reader_win.cc(151)] SuspendThread: Accès refusé. (0x5)
[0907/003924.686:ERROR:process_reader_win.cc(123)] NtOpenThread: {Accès refusé} Un processus a demandé l’accès a un objet, mais il ne bénéficie pas des autorisations nécessaires. (0xc0000022)
[0907/003924.686:ERROR:exception_snapshot_win.cc(98)] thread ID 9012 not found in process
[0907/003924.697:ERROR:process_reader_win.cc(151)] SuspendThread: Accès refusé. (0x5)
[0907/003924.698:ERROR:process_reader_win.cc(151)] SuspendThread: Accès refusé. (0x5)
[0907/003924.698:ERROR:process_reader_win.cc(151)] SuspendThread: Accès refusé. (0x5)
[0907/003924.698:ERROR:process_reader_win.cc(151)] SuspendThread: Accès refusé. (0x5)
[0907/003924.698:ERROR:process_reader_win.cc(151)] SuspendThread: Accès refusé. (0x5)
[0907/003924.698:ERROR:process_reader_win.cc(151)] SuspendThread: Accès refusé. (0x5)
[0907/003924.698:ERROR:process_reader_win.cc(151)] SuspendThread: Accès refusé. (0x5)
[0907/003924.698:ERROR:process_reader_win.cc(151)] SuspendThread: Accès refusé. (0x5)
[0907/003924.698:ERROR:process_reader_win.cc(151)] SuspendThread: Accès refusé. (0x5)
[0907/003924.698:ERROR:process_reader_win.cc(151)] SuspendThread: Accès refusé. (0x5)
[0907/003924.698:ERROR:process_reader_win.cc(151)] SuspendThread: Accès refusé. (0x5)
[0907/003924.698:ERROR:process_reader_win.cc(151)] SuspendThread: Accès refusé. (0x5)
[0907/003924.698:ERROR:process_reader_win.cc(151)] SuspendThread: Accès refusé. (0x5)
[0907/003924.698:ERROR:process_reader_win.cc(123)] NtOpenThread: {Accès refusé} Un processus a demandé l’accès a un objet, mais il ne bénéficie pas des autorisations nécessaires. (0xc0000022)
[0907/003924.698:ERROR:exception_snapshot_win.cc(98)] thread ID 21424 not found in process
[0907/003924.719:ERROR:process_reader_win.cc(151)] SuspendThread: Accès refusé. (0x5)
[0907/003924.719:ERROR:process_reader_win.cc(151)] SuspendThread: Accès refusé. (0x5)
[0907/003924.719:ERROR:process_reader_win.cc(151)] SuspendThread: Accès refusé. (0x5)
[0907/003924.719:ERROR:process_reader_win.cc(151)] SuspendThread: Accès refusé. (0x5)
[0907/003924.719:ERROR:process_reader_win.cc(151)] SuspendThread: Accès refusé. (0x5)
[0907/003924.719:ERROR:process_reader_win.cc(123)] NtOpenThread: {Accès refusé} Un processus a demandé l’accès a un objet, mais il ne bénéficie pas des autorisations nécessaires. (0xc0000022)
[0907/003924.720:ERROR:exception_snapshot_win.cc(98)] thread ID 13784 not found in process
[0907/003924.724:ERROR:process_reader_win.cc(151)] SuspendThread: Accès refusé. (0x5)
[0907/003924.725:ERROR:process_reader_win.cc(123)] NtOpenThread: {Accès refusé} Un processus a demandé l’accès a un objet, mais il ne bénéficie pas des autorisations nécessaires. (0xc0000022)
[0907/003924.725:ERROR:exception_snapshot_win.cc(98)] thread ID 19340 not found in process
[0907/003924.728:ERROR:process_reader_win.cc(151)] SuspendThread: Accès refusé. (0x5)
[0907/003924.729:ERROR:process_reader_win.cc(151)] SuspendThread: Accès refusé. (0x5)
[0907/003924.729:ERROR:process_reader_win.cc(151)] SuspendThread: Accès refusé. (0x5)
[0907/003924.729:ERROR:process_reader_win.cc(151)] SuspendThread: Accès refusé. (0x5)
[0907/003924.729:ERROR:process_reader_win.cc(151)] SuspendThread: Accès refusé. (0x5)
[0907/003924.729:ERROR:process_reader_win.cc(151)] SuspendThread: Accès refusé. (0x5)
[0907/003924.729:ERROR:process_reader_win.cc(151)] SuspendThread: Accès refusé. (0x5)
[0907/003924.729:ERROR:process_reader_win.cc(151)] SuspendThread: Accès refusé. (0x5)
[0907/003924.729:ERROR:process_reader_win.cc(151)] SuspendThread: Accès refusé. (0x5)
[0907/003924.729:ERROR:process_reader_win.cc(123)] NtOpenThread: {Accès refusé} Un processus a demandé l’accès a un objet, mais il ne bénéficie pas des autorisations nécessaires. (0xc0000022)
[0907/003924.729:ERROR:exception_snapshot_win.cc(98)] thread ID 8912 not found in process
[0907/003924.737:ERROR:process_reader_win.cc(151)] SuspendThread: Accès refusé. (0x5)
[0907/003924.737:ERROR:process_reader_win.cc(151)] SuspendThread: Accès refusé. (0x5)
[0907/003924.737:ERROR:process_reader_win.cc(151)] SuspendThread: Accès refusé. (0x5)
[0907/003924.737:ERROR:process_reader_win.cc(151)] SuspendThread: Accès refusé. (0x5)
[0907/003924.737:ERROR:process_reader_win.cc(151)] SuspendThread: Accès refusé. (0x5)
[0907/003924.737:ERROR:process_reader_win.cc(151)] SuspendThread: Accès refusé. (0x5)
[0907/003924.737:ERROR:process_reader_win.cc(151)] SuspendThread: Accès refusé. (0x5)
[0907/003924.737:ERROR:process_reader_win.cc(151)] SuspendThread: Accès refusé. (0x5)
[0907/003924.737:ERROR:process_reader_win.cc(123)] NtOpenThread: {Accès refusé} Un processus a demandé l’accès a un objet, mais il ne bénéficie pas des autorisations nécessaires. (0xc0000022)
[0907/003924.737:ERROR:exception_snapshot_win.cc(98)] thread ID 14580 not found in process
[0907/003924.741:ERROR:process_reader_win.cc(151)] SuspendThread: Accès refusé. (0x5)
[0907/003924.741:ERROR:process_reader_win.cc(151)] SuspendThread: Accès refusé. (0x5)
[0907/003924.741:ERROR:process_reader_win.cc(123)] NtOpenThread: {Accès refusé} Un processus a demandé l’accès a un objet, mais il ne bénéficie pas des autorisations nécessaires. (0xc0000022)
[0907/003924.741:ERROR:exception_snapshot_win.cc(98)] thread ID 2340 not found in process
[0907/003924.746:ERROR:process_reader_win.cc(151)] SuspendThread: Accès refusé. (0x5)
[0907/003924.746:ERROR:process_reader_win.cc(151)] SuspendThread: Accès refusé. (0x5)
[0907/003924.746:ERROR:process_reader_win.cc(123)] NtOpenThread: {Accès refusé} Un processus a demandé l’accès a un objet, mais il ne bénéficie pas des autorisations nécessaires. (0xc0000022)
[0907/003924.746:ERROR:exception_snapshot_win.cc(98)] thread ID 5648 not found in process
[0907/003924.746:ERROR:process_reader_win.cc(151)] SuspendThread: Accès refusé. (0x5)
[0907/003924.746:ERROR:process_reader_win.cc(151)] SuspendThread: Accès refusé. (0x5)
[0907/003924.747:ERROR:process_reader_win.cc(123)] NtOpenThread: {Accès refusé} Un processus a demandé l’accès a un objet, mais il ne bénéficie pas des autorisations nécessaires. (0xc0000022)
[0907/003924.747:ERROR:exception_snapshot_win.cc(98)] thread ID 7524 not found in process
[0907/003924.771:ERROR:process_reader_win.cc(151)] SuspendThread: Accès refusé. (0x5)
[0907/003924.771:ERROR:process_reader_win.cc(151)] SuspendThread: Accès refusé. (0x5)
[0907/003924.771:ERROR:process_reader_win.cc(151)] SuspendThread: Accès refusé. (0x5)
[0907/003924.771:ERROR:process_reader_win.cc(151)] SuspendThread: Accès refusé. (0x5)
[0907/003924.771:ERROR:process_reader_win.cc(151)] SuspendThread: Accès refusé. (0x5)
[0907/003924.771:ERROR:process_reader_win.cc(151)] SuspendThread: Accès refusé. (0x5)
[0907/003924.771:ERROR:process_reader_win.cc(151)] SuspendThread: Accès refusé. (0x5)
[0907/003924.771:ERROR:process_reader_win.cc(151)] SuspendThread: Accès refusé. (0x5)
[0907/003924.771:ERROR:process_reader_win.cc(151)] SuspendThread: Accès refusé. (0x5)
[0907/003924.771:ERROR:process_reader_win.cc(151)] SuspendThread: Accès refusé. (0x5)
[0907/003924.771:ERROR:process_reader_win.cc(151)] SuspendThread: Accès refusé. (0x5)
[0907/003924.771:ERROR:process_reader_win.cc(151)] SuspendThread: Accès refusé. (0x5)
[0907/003924.771:ERROR:process_reader_win.cc(123)] NtOpenThread: {Accès refusé} Un processus a demandé l’accès a un objet, mais il ne bénéficie pas des autorisations nécessaires. (0xc0000022)
[0907/003924.771:ERROR:exception_snapshot_win.cc(98)] thread ID 18820 not found in process
[0907/003924.776:ERROR:process_reader_win.cc(151)] SuspendThread: Accès refusé. (0x5)
[0907/003924.776:ERROR:process_reader_win.cc(151)] SuspendThread: Accès refusé. (0x5)
[0907/003924.776:ERROR:process_reader_win.cc(151)] SuspendThread: Accès refusé. (0x5)
[0907/003924.776:ERROR:process_reader_win.cc(151)] SuspendThread: Accès refusé. (0x5)
[0907/003924.776:ERROR:process_reader_win.cc(151)] SuspendThread: Accès refusé. (0x5)
[0907/003924.776:ERROR:process_reader_win.cc(151)] SuspendThread: Accès refusé. (0x5)
[0907/003924.776:ERROR:process_reader_win.cc(151)] SuspendThread: Accès refusé. (0x5)
[0907/003924.776:ERROR:process_reader_win.cc(151)] SuspendThread: Accès refusé. (0x5)
[0907/003924.776:ERROR:process_reader_win.cc(151)] SuspendThread: Accès refusé. (0x5)
[0907/003924.776:ERROR:process_reader_win.cc(151)] SuspendThread: Accès refusé. (0x5)
[0907/003924.776:ERROR:process_reader_win.cc(151)] SuspendThread: Accès refusé. (0x5)
[0907/003924.776:ERROR:process_reader_win.cc(151)] SuspendThread: Accès refusé. (0x5)
[0907/003924.776:ERROR:process_reader_win.cc(123)] NtOpenThread: {Accès refusé} Un processus a demandé l’accès a un objet, mais il ne bénéficie pas des autorisations nécessaires. (0xc0000022)
[0907/003924.776:ERROR:exception_snapshot_win.cc(98)] thread ID 25216 not found in process
[0907/003924.790:ERROR:process_reader_win.cc(151)] SuspendThread: Accès refusé. (0x5)
[0907/003924.791:ERROR:process_reader_win.cc(151)] SuspendThread: Accès refusé. (0x5)
[0907/003924.791:ERROR:process_reader_win.cc(151)] SuspendThread: Accès refusé. (0x5)
[0907/003924.791:ERROR:process_reader_win.cc(151)] SuspendThread: Accès refusé. (0x5)
[0907/003924.791:ERROR:process_reader_win.cc(151)] SuspendThread: Accès refusé. (0x5)
[0907/003924.791:ERROR:process_reader_win.cc(151)] SuspendThread: Accès refusé. (0x5)
[0907/003924.791:ERROR:process_reader_win.cc(151)] SuspendThread: Accès refusé. (0x5)
[0907/003924.791:ERROR:process_reader_win.cc(151)] SuspendThread: Accès refusé. (0x5)
[0907/003924.791:ERROR:process_reader_win.cc(151)] SuspendThread: Accès refusé. (0x5)
[0907/003924.791:ERROR:process_reader_win.cc(151)] SuspendThread: Accès refusé. (0x5)
[0907/003924.791:ERROR:process_reader_win.cc(151)] SuspendThread: Accès refusé. (0x5)
[0907/003924.791:ERROR:process_reader_win.cc(151)] SuspendThread: Accès refusé. (0x5)
[0907/003924.791:ERROR:process_reader_win.cc(151)] SuspendThread: Accès refusé. (0x5)
[0907/003924.791:ERROR:process_reader_win.cc(151)] SuspendThread: Accès refusé. (0x5)
[0907/003924.791:ERROR:process_reader_win.cc(123)] NtOpenThread: {Accès refusé} Un processus a demandé l’accès a un objet, mais il ne bénéficie pas des autorisations nécessaires. (0xc0000022)
[0907/003924.791:ERROR:exception_snapshot_win.cc(98)] thread ID 22192 not found in process
[0907/003924.794:ERROR:process_reader_win.cc(151)] SuspendThread: Accès refusé. (0x5)
[0907/003924.794:ERROR:process_reader_win.cc(151)] SuspendThread: Accès refusé. (0x5)
[0907/003924.794:ERROR:process_reader_win.cc(151)] SuspendThread: Accès refusé. (0x5)
[0907/003924.794:ERROR:process_reader_win.cc(151)] SuspendThread: Accès refusé. (0x5)
[0907/003924.794:ERROR:process_reader_win.cc(151)] SuspendThread: Accès refusé. (0x5)
[0907/003924.794:ERROR:process_reader_win.cc(151)] SuspendThread: Accès refusé. (0x5)
[0907/003924.794:ERROR:process_reader_win.cc(151)] SuspendThread: Accès refusé. (0x5)
[0907/003924.795:ERROR:process_reader_win.cc(151)] SuspendThread: Accès refusé. (0x5)
[0907/003924.795:ERROR:process_reader_win.cc(151)] SuspendThread: Accès refusé. (0x5)
[0907/003924.795:ERROR:process_reader_win.cc(151)] SuspendThread: Accès refusé. (0x5)
[0907/003924.795:ERROR:process_reader_win.cc(151)] SuspendThread: Accès refusé. (0x5)
[0907/003924.795:ERROR:process_reader_win.cc(151)] SuspendThread: Accès refusé. (0x5)
[0907/003924.795:ERROR:process_reader_win.cc(151)] SuspendThread: Accès refusé. (0x5)
[0907/003924.795:ERROR:process_reader_win.cc(151)] SuspendThread: Accès refusé. (0x5)
[0907/003924.795:ERROR:process_reader_win.cc(123)] NtOpenThread: {Accès refusé} Un processus a demandé l’accès a un objet, mais il ne bénéficie pas des autorisations nécessaires. (0xc0000022)
[0907/003924.795:ERROR:exception_snapshot_win.cc(98)] thread ID 8544 not found in process
[0907/003924.797:ERROR:process_reader_win.cc(151)] SuspendThread: Accès refusé. (0x5)
[0907/003924.798:ERROR:process_reader_win.cc(151)] SuspendThread: Accès refusé. (0x5)
[0907/003924.798:ERROR:process_reader_win.cc(151)] SuspendThread: Accès refusé. (0x5)
[0907/003924.798:ERROR:process_reader_win.cc(151)] SuspendThread: Accès refusé. (0x5)
[0907/003924.798:ERROR:process_reader_win.cc(151)] SuspendThread: Accès refusé. (0x5)
[0907/003924.798:ERROR:process_reader_win.cc(151)] SuspendThread: Accès refusé. (0x5)
[0907/003924.798:ERROR:process_reader_win.cc(151)] SuspendThread: Accès refusé. (0x5)
[0907/003924.798:ERROR:process_reader_win.cc(151)] SuspendThread: Accès refusé. (0x5)
[0907/003924.798:ERROR:process_reader_win.cc(151)] SuspendThread: Accès refusé. (0x5)
[0907/003924.798:ERROR:process_reader_win.cc(151)] SuspendThread: Accès refusé. (0x5)
[0907/003924.798:ERROR:process_reader_win.cc(151)] SuspendThread: Accès refusé. (0x5)
[0907/003924.798:ERROR:process_reader_win.cc(151)] SuspendThread: Accès refusé. (0x5)
[0907/003924.798:ERROR:process_reader_win.cc(151)] SuspendThread: Accès refusé. (0x5)
[0907/003924.798:ERROR:process_reader_win.cc(151)] SuspendThread: Accès refusé. (0x5)
[0907/003924.798:ERROR:process_reader_win.cc(123)] NtOpenThread: {Accès refusé} Un processus a demandé l’accès a un objet, mais il ne bénéficie pas des autorisations nécessaires. (0xc0000022)
[0907/003924.798:ERROR:exception_snapshot_win.cc(98)] thread ID 5176 not found in process
[0907/003924.815:ERROR:process_reader_win.cc(151)] SuspendThread: Accès refusé. (0x5)
[0907/003924.815:ERROR:process_reader_win.cc(151)] SuspendThread: Accès refusé. (0x5)
[0907/003924.815:ERROR:process_reader_win.cc(151)] SuspendThread: Accès refusé. (0x5)
[0907/003924.815:ERROR:process_reader_win.cc(151)] SuspendThread: Accès refusé. (0x5)
[0907/003924.815:ERROR:process_reader_win.cc(151)] SuspendThread: Accès refusé. (0x5)
[0907/003924.815:ERROR:process_reader_win.cc(151)] SuspendThread: Accès refusé. (0x5)
[0907/003924.815:ERROR:process_reader_win.cc(151)] SuspendThread: Accès refusé. (0x5)
[0907/003924.815:ERROR:process_reader_win.cc(151)] SuspendThread: Accès refusé. (0x5)
[0907/003924.815:ERROR:process_reader_win.cc(151)] SuspendThread: Accès refusé. (0x5)
[0907/003924.815:ERROR:process_reader_win.cc(151)] SuspendThread: Accès refusé. (0x5)
[0907/003924.815:ERROR:process_reader_win.cc(151)] SuspendThread: Accès refusé. (0x5)
[0907/003924.815:ERROR:process_reader_win.cc(151)] SuspendThread: Accès refusé. (0x5)
[0907/003924.815:ERROR:process_reader_win.cc(123)] NtOpenThread: {Accès refusé} Un processus a demandé l’accès a un objet, mais il ne bénéficie pas des autorisations nécessaires. (0xc0000022)
[0907/003924.816:ERROR:exception_snapshot_win.cc(98)] thread ID 7712 not found in process
[0907/003924.821:ERROR:process_reader_win.cc(151)] SuspendThread: Accès refusé. (0x5)
[0907/003924.821:ERROR:process_reader_win.cc(151)] SuspendThread: Accès refusé. (0x5)
[0907/003924.822:ERROR:process_reader_win.cc(151)] SuspendThread: Accès refusé. (0x5)
[0907/003924.822:ERROR:process_reader_win.cc(151)] SuspendThread: Accès refusé. (0x5)
[0907/003924.822:ERROR:process_reader_win.cc(151)] SuspendThread: Accès refusé. (0x5)
[0907/003924.822:ERROR:process_reader_win.cc(151)] SuspendThread: Accès refusé. (0x5)
[0907/003924.822:ERROR:process_reader_win.cc(151)] SuspendThread: Accès refusé. (0x5)
[0907/003924.822:ERROR:process_reader_win.cc(151)] SuspendThread: Accès refusé. (0x5)
[0907/003924.822:ERROR:process_reader_win.cc(151)] SuspendThread: Accès refusé. (0x5)
[0907/003924.822:ERROR:process_reader_win.cc(151)] SuspendThread: Accès refusé. (0x5)
[0907/003924.822:ERROR:process_reader_win.cc(151)] SuspendThread: Accès refusé. (0x5)
[0907/003924.822:ERROR:process_reader_win.cc(151)] SuspendThread: Accès refusé. (0x5)
[0907/003924.822:ERROR:process_reader_win.cc(123)] NtOpenThread: {Accès refusé} Un processus a demandé l’accès a un objet, mais il ne bénéficie pas des autorisations nécessaires. (0xc0000022)
[0907/003924.822:ERROR:exception_snapshot_win.cc(98)] thread ID 25332 not found in process
[0907/003924.831:ERROR:process_reader_win.cc(151)] SuspendThread: Accès refusé. (0x5)
[0907/003924.831:ERROR:process_reader_win.cc(151)] SuspendThread: Accès refusé. (0x5)
[0907/003924.831:ERROR:process_reader_win.cc(151)] SuspendThread: Accès refusé. (0x5)
[0907/003924.831:ERROR:process_reader_win.cc(151)] SuspendThread: Accès refusé. (0x5)
[0907/003924.831:ERROR:process_reader_win.cc(151)] SuspendThread: Accès refusé. (0x5)
[0907/003924.831:ERROR:process_reader_win.cc(151)] SuspendThread: Accès refusé. (0x5)
[0907/003924.831:ERROR:process_reader_win.cc(151)] SuspendThread: Accès refusé. (0x5)
[0907/003924.831:ERROR:process_reader_win.cc(151)] SuspendThread: Accès refusé. (0x5)
[0907/003924.831:ERROR:process_reader_win.cc(151)] SuspendThread: Accès refusé. (0x5)
[0907/003924.831:ERROR:process_reader_win.cc(151)] SuspendThread: Accès refusé. (0x5)
[0907/003924.831:ERROR:process_reader_win.cc(151)] SuspendThread: Accès refusé. (0x5)
[0907/003924.831:ERROR:process_reader_win.cc(151)] SuspendThread: Accès refusé. (0x5)
[0907/003924.831:ERROR:process_reader_win.cc(151)] SuspendThread: Accès refusé. (0x5)
[0907/003924.831:ERROR:process_reader_win.cc(151)] SuspendThread: Accès refusé. (0x5)
[0907/003924.831:ERROR:process_reader_win.cc(151)] SuspendThread: Accès refusé. (0x5)
[0907/003924.831:ERROR:process_reader_win.cc(123)] NtOpenThread: {Accès refusé} Un processus a demandé l’accès a un objet, mais il ne bénéficie pas des autorisations nécessaires. (0xc0000022)
[0907/003924.831:ERROR:exception_snapshot_win.cc(98)] thread ID 13356 not found in process
[0907/003924.854:ERROR:process_reader_win.cc(151)] SuspendThread: Accès refusé. (0x5)
[0907/003924.854:ERROR:process_reader_win.cc(151)] SuspendThread: Accès refusé. (0x5)
[0907/003924.854:ERROR:process_reader_win.cc(151)] SuspendThread: Accès refusé. (0x5)
[0907/003924.854:ERROR:process_reader_win.cc(151)] SuspendThread: Accès refusé. (0x5)
[0907/003924.854:ERROR:process_reader_win.cc(151)] SuspendThread: Accès refusé. (0x5)
[0907/003924.854:ERROR:process_reader_win.cc(151)] SuspendThread: Accès refusé. (0x5)
[0907/003924.854:ERROR:process_reader_win.cc(151)] SuspendThread: Accès refusé. (0x5)
[0907/003924.854:ERROR:process_reader_win.cc(151)] SuspendThread: Accès refusé. (0x5)
[0907/003924.854:ERROR:process_reader_win.cc(151)] SuspendThread: Accès refusé. (0x5)
[0907/003924.854:ERROR:process_reader_win.cc(151)] SuspendThread: Accès refusé. (0x5)
[0907/003924.854:ERROR:process_reader_win.cc(123)] NtOpenThread: {Accès refusé} Un processus a demandé l’accès a un objet, mais il ne bénéficie pas des autorisations nécessaires. (0xc0000022)
[0907/003924.854:ERROR:exception_snapshot_win.cc(98)] thread ID 7904 not found in process
[0907/003924.874:ERROR:process_reader_win.cc(151)] SuspendThread: Accès refusé. (0x5)
[0907/003924.874:ERROR:process_reader_win.cc(151)] SuspendThread: Accès refusé. (0x5)
[0907/003924.874:ERROR:process_reader_win.cc(123)] NtOpenThread: {Accès refusé} Un processus a demandé l’accès a un objet, mais il ne bénéficie pas des autorisations nécessaires. (0xc0000022)
[0907/003924.874:ERROR:exception_snapshot_win.cc(98)] thread ID 4132 not found in process
[0907/003924.995:ERROR:process_info.cc(329)] VirtualQueryEx: Accès refusé. (0x5)
[0907/003924.996:ERROR:process_info.cc(556)] ReadMemoryInfo failed
[0907/003924.996:ERROR:process_memory_win.cc(39)] Failed to initialize ProcessInfo.
[0907/003924.996:ERROR:scoped_process_suspend.cc(40)] NtResumeProcess: Tentative d’accès à un processus en cours d’arrêt. (0xc000010a)
